This file contains any messages produced by compilers while
running configure, to aid debugging if configure makes a mistake.

It was created by configure, which was
generated by GNU Autoconf 2.65.  Invocation command line was

  $ ./configure 

## --------- ##
## Platform. ##
## --------- ##

hostname = precog.uoregon.edu
uname -m = i386
uname -r = 10.2.0
uname -s = Darwin
uname -v = Darwin Kernel Version 10.2.0: Tue Nov  3 10:37:10 PST 2009; root:xnu-1486.2.11~1/RELEASE_I386

/usr/bin/uname -p = i386
/bin/uname -X     = unknown

/bin/arch              = unknown
/usr/bin/arch -k       = unknown
/usr/convex/getsysinfo = unknown
/usr/bin/hostinfo      = Mach kernel version:
	 Darwin Kernel Version 10.2.0: Tue Nov  3 10:37:10 PST 2009; root:xnu-1486.2.11~1/RELEASE_I386
Kernel configured for up to 4 processors.
4 processors are physically available.
4 processors are logically available.
Processor type: i486 (Intel 80486)
Processors active: 0 1 2 3
Primary memory available: 7.00 gigabytes
Default processor set: 105 tasks, 523 threads, 4 processors
Load average: 0.81, Mach factor: 3.18
/bin/machine           = unknown
/usr/bin/oslevel       = unknown
/bin/universe          = unknown

PATH: /opt/local/bin
PATH: /sw/bin
PATH: /usr/sbin
PATH: /usr/local/maven/bin
PATH: /usr/local/tomcat/bin
PATH: /usr/local/bin
PATH: /usr/bin
PATH: /private/apps/wublast
PATH: /opt/local/bin
PATH: /sw/bin
PATH: /usr/sbin
PATH: /usr/local/maven/bin
PATH: /usr/local/tomcat/bin
PATH: /usr/local/bin
PATH: /usr/bin
PATH: /private/apps/wublast
PATH: /usr/bin
PATH: /bin
PATH: /usr/sbin
PATH: /sbin
PATH: /usr/local/bin
PATH: /usr/X11/bin
PATH: /usr/local/ncbi/blast/bin
PATH: /opt/local/bin
PATH: /sw/bin
PATH: /usr/local/maven/bin
PATH: /usr/local/tomcat/bin
PATH: /private/apps/wublast
PATH: /opt/local/lib/postgresql83/bin
PATH: /Users/nathandunn/svn/Commons/bin
PATH: /Applications/IBM/informix/bin
PATH: /Users/nathandunn/Downloads/atlassian-plugin-sdk-3/bin
PATH: /usr/local/tools
PATH: /usr/local/mpich/bin/
PATH: /Users/nathandunn/OpenOffice.org638/
PATH: /usr/local/ant/bin
PATH: /usr/local/netbeans/bin
PATH: /usr/local/mozilla/bin
PATH: /usr/local/lib/gcc-lib/i686-pc-linux-gnu/3.3/cc1plus
PATH: /usr/local/midp/bin
PATH: /Users/nathandunn/bin
PATH: /Users/nathandunn/tomcat/bin
PATH: /Applications/MATLAB704/bin
PATH: /sw/bin
PATH: /opt/local/lib/postgresql83/bin
PATH: /Users/nathandunn/svn/Commons/bin
PATH: /Applications/IBM/informix/bin
PATH: /Users/nathandunn/Downloads/atlassian-plugin-sdk-3/bin
PATH: /usr/local/tools
PATH: /bin
PATH: /usr/local/mpich/bin/
PATH: /Users/nathandunn/OpenOffice.org638/
PATH: /bin
PATH: /usr/bin
PATH: /usr/local/ant/bin
PATH: /usr/local/netbeans/bin
PATH: /usr/local/mozilla/bin
PATH: /usr/local/lib/gcc-lib/i686-pc-linux-gnu/3.3/cc1plus
PATH: /usr/local/midp/bin
PATH: /Users/nathandunn/bin
PATH: /Users/nathandunn/tomcat/bin
PATH: /Applications/MATLAB704/bin
PATH: /Users/nathandunn/tomcat/bin
PATH: /sw/bin
PATH: /opt/local/lib/postgresql83/bin
PATH: /Users/nathandunn/svn/Commons/bin
PATH: /Applications/IBM/informix/bin
PATH: /Users/nathandunn/Downloads/atlassian-plugin-sdk-3/bin
PATH: /usr/local/tools
PATH: /bin
PATH: /usr/local/mpich/bin/
PATH: /Users/nathandunn/OpenOffice.org638/
PATH: /bin
PATH: /usr/bin
PATH: /usr/local/ant/bin
PATH: /usr/local/netbeans/bin
PATH: /usr/local/mozilla/bin
PATH: /usr/local/lib/gcc-lib/i686-pc-linux-gnu/3.3/cc1plus
PATH: /usr/local/midp/bin
PATH: /Users/nathandunn/bin
PATH: /Users/nathandunn/tomcat/bin
PATH: /Applications/MATLAB704/bin
PATH: /Users/nathandunn/tomcat/bin
PATH: Downloads/pdtoolkit-3.15/apple/bin
PATH: /Users/nathandunn/Downloads/pdtoolkit-3.15/apple/bin


## ----------- ##
## Core tests. ##
## ----------- ##

configure:1896: checking build system type
configure:1910: result: x86_64-apple-darwin10.2.0
configure:1930: checking host system type
configure:1943: result: x86_64-apple-darwin10.2.0
configure:1979: checking for a BSD-compatible install
configure:2047: result: /usr/bin/install -c
configure:2058: checking whether build environment is sane
configure:2108: result: yes
configure:2249: checking for a thread-safe mkdir -p
configure:2288: result: ./install-sh -c -d
configure:2301: checking for gawk
configure:2317: found /opt/local/bin/gawk
configure:2328: result: gawk
configure:2339: checking whether make sets $(MAKE)
configure:2361: result: yes
configure:2442: checking whether to enable maintainer-specific portions of Makefiles
configure:2451: result: no
configure:2524: checking for gcc
configure:2540: found /usr/bin/gcc
configure:2551: result: gcc
configure:2780: checking for C compiler version
configure:2789: gcc --version >&5
i686-apple-darwin10-gcc-4.2.1 (GCC) 4.2.1 (Apple Inc. build 5646) (dot 1)
Copyright (C) 2007 Free Software Foundation, Inc.
This is free software; see the source for copying conditions.  There is NO
warranty; not even for MERCHANTABILITY or FITNESS FOR A PARTICULAR PURPOSE.

configure:2800: $? = 0
configure:2789: gcc -v >&5
Using built-in specs.
Target: i686-apple-darwin10
Configured with: /var/tmp/gcc/gcc-5646.1~2/src/configure --disable-checking --enable-werror --prefix=/usr --mandir=/share/man --enable-languages=c,objc,c++,obj-c++ --program-transform-name=/^[cg][^.-]*$/s/$/-4.2/ --with-slibdir=/usr/lib --build=i686-apple-darwin10 --with-gxx-include-dir=/include/c++/4.2.1 --program-prefix=i686-apple-darwin10- --host=x86_64-apple-darwin10 --target=i686-apple-darwin10
Thread model: posix
gcc version 4.2.1 (Apple Inc. build 5646) (dot 1)
configure:2800: $? = 0
configure:2789: gcc -V >&5
gcc-4.2: argument to `-V' is missing
configure:2800: $? = 1
configure:2789: gcc -qversion >&5
i686-apple-darwin10-gcc-4.2.1: no input files
configure:2800: $? = 1
configure:2820: checking whether the C compiler works
configure:2842: gcc    conftest.c  >&5
configure:2846: $? = 0
configure:2895: result: yes
configure:2898: checking for C compiler default output file name
configure:2900: result: a.out
configure:2906: checking for suffix of executables
configure:2913: gcc -o conftest    conftest.c  >&5
configure:2917: $? = 0
configure:2939: result: 
configure:2961: checking whether we are cross compiling
configure:2969: gcc -o conftest    conftest.c  >&5
configure:2973: $? = 0
configure:2980: ./conftest
configure:2984: $? = 0
configure:2999: result: no
configure:3004: checking for suffix of object files
configure:3026: gcc -c   conftest.c >&5
configure:3030: $? = 0
configure:3051: result: o
configure:3055: checking whether we are using the GNU C compiler
configure:3074: gcc -c   conftest.c >&5
configure:3074: $? = 0
configure:3083: result: yes
configure:3092: checking whether gcc accepts -g
configure:3112: gcc -c -g  conftest.c >&5
configure:3112: $? = 0
configure:3153: result: yes
configure:3170: checking for gcc option to accept ISO C89
configure:3234: gcc  -c   conftest.c >&5
configure:3234: $? = 0
configure:3247: result: none needed
configure:3278: checking for style of include used by make
configure:3306: result: GNU
configure:3331: checking dependency style of gcc
configure:3441: result: gcc3
configure:3514: checking for g++
configure:3530: found /usr/bin/g++
configure:3541: result: g++
configure:3568: checking for C++ compiler version
configure:3577: g++ --version >&5
i686-apple-darwin10-g++-4.2.1 (GCC) 4.2.1 (Apple Inc. build 5646) (dot 1)
Copyright (C) 2007 Free Software Foundation, Inc.
This is free software; see the source for copying conditions.  There is NO
warranty; not even for MERCHANTABILITY or FITNESS FOR A PARTICULAR PURPOSE.

configure:3588: $? = 0
configure:3577: g++ -v >&5
Using built-in specs.
Target: i686-apple-darwin10
Configured with: /var/tmp/gcc/gcc-5646.1~2/src/configure --disable-checking --enable-werror --prefix=/usr --mandir=/share/man --enable-languages=c,objc,c++,obj-c++ --program-transform-name=/^[cg][^.-]*$/s/$/-4.2/ --with-slibdir=/usr/lib --build=i686-apple-darwin10 --with-gxx-include-dir=/include/c++/4.2.1 --program-prefix=i686-apple-darwin10- --host=x86_64-apple-darwin10 --target=i686-apple-darwin10
Thread model: posix
gcc version 4.2.1 (Apple Inc. build 5646) (dot 1)
configure:3588: $? = 0
configure:3577: g++ -V >&5
g++-4.2: argument to `-V' is missing
configure:3588: $? = 1
configure:3577: g++ -qversion >&5
i686-apple-darwin10-g++-4.2.1: no input files
configure:3588: $? = 1
configure:3592: checking whether we are using the GNU C++ compiler
configure:3611: g++ -c   conftest.cpp >&5
configure:3611: $? = 0
configure:3620: result: yes
configure:3629: checking whether g++ accepts -g
configure:3649: g++ -c -g  conftest.cpp >&5
configure:3649: $? = 0
configure:3690: result: yes
configure:3715: checking dependency style of g++
configure:3825: result: gcc3
configure:3846: checking how to run the C++ preprocessor
configure:3873: g++ -E  conftest.cpp
configure:3873: $? = 0
configure:3887: g++ -E  conftest.cpp
conftest.cpp:11:28: error: ac_nonexistent.h: No such file or directory
configure:3887: $? = 1
configure: failed program was:
| /* confdefs.h */
| #define PACKAGE_NAME ""
| #define PACKAGE_TARNAME ""
| #define PACKAGE_VERSION ""
| #define PACKAGE_STRING ""
| #define PACKAGE_BUGREPORT ""
| #define PACKAGE_URL ""
| #define PACKAGE "chemostep"
| #define VERSION "1.0"
| /* end confdefs.h.  */
| #include <ac_nonexistent.h>
configure:3912: result: g++ -E
configure:3932: g++ -E  conftest.cpp
configure:3932: $? = 0
configure:3946: g++ -E  conftest.cpp
conftest.cpp:11:28: error: ac_nonexistent.h: No such file or directory
configure:3946: $? = 1
configure: failed program was:
| /* confdefs.h */
| #define PACKAGE_NAME ""
| #define PACKAGE_TARNAME ""
| #define PACKAGE_VERSION ""
| #define PACKAGE_STRING ""
| #define PACKAGE_BUGREPORT ""
| #define PACKAGE_URL ""
| #define PACKAGE "chemostep"
| #define VERSION "1.0"
| /* end confdefs.h.  */
| #include <ac_nonexistent.h>
configure:3975: checking for grep that handles long lines and -e
configure:4033: result: /usr/bin/grep
configure:4038: checking for egrep
configure:4100: result: /usr/bin/grep -E
configure:4106: checking whether gcc needs -traditional
conftest.cpp:11:20: error: termio.h: No such file or directory
configure:4140: result: no
configure:4266: checking for C++ compiler version
configure:4275: g++ --version >&5
i686-apple-darwin10-g++-4.2.1 (GCC) 4.2.1 (Apple Inc. build 5646) (dot 1)
Copyright (C) 2007 Free Software Foundation, Inc.
This is free software; see the source for copying conditions.  There is NO
warranty; not even for MERCHANTABILITY or FITNESS FOR A PARTICULAR PURPOSE.

configure:4286: $? = 0
configure:4275: g++ -v >&5
Using built-in specs.
Target: i686-apple-darwin10
Configured with: /var/tmp/gcc/gcc-5646.1~2/src/configure --disable-checking --enable-werror --prefix=/usr --mandir=/share/man --enable-languages=c,objc,c++,obj-c++ --program-transform-name=/^[cg][^.-]*$/s/$/-4.2/ --with-slibdir=/usr/lib --build=i686-apple-darwin10 --with-gxx-include-dir=/include/c++/4.2.1 --program-prefix=i686-apple-darwin10- --host=x86_64-apple-darwin10 --target=i686-apple-darwin10
Thread model: posix
gcc version 4.2.1 (Apple Inc. build 5646) (dot 1)
configure:4286: $? = 0
configure:4275: g++ -V >&5
g++-4.2: argument to `-V' is missing
configure:4286: $? = 1
configure:4275: g++ -qversion >&5
i686-apple-darwin10-g++-4.2.1: no input files
configure:4286: $? = 1
configure:4290: checking whether we are using the GNU C++ compiler
configure:4318: result: yes
configure:4327: checking whether g++ accepts -g
configure:4388: result: yes
configure:4413: checking dependency style of g++
configure:4523: result: gcc3
configure:4546: checking for autoconf
configure:4574: result: ${SHELL} /Users/nathandunn/svn/chemostep/missing --run autoconf
configure:4625: checking for ranlib
configure:4641: found /usr/bin/ranlib
configure:4652: result: ranlib
configure:4735: checking for Blitz 
configure:4737: checking for /usr/local/include/blitz/array.h
configure:4750: result: yes
configure:4766: checking  for qt 
configure:4778: checking for /include/qobject.h
configure:4792: result: no
configure:4815: Setting DOX11
configure:4858: adding qt multithreading
configure:4882: checking for /include/mpi.h
configure:4896: result: no
configure:4925: MPI 
configure:4946: checking for /include/mpi.h
configure:4960: result: no
configure:5214: creating ./config.status

## ---------------------- ##
## Running config.status. ##
## ---------------------- ##

This file was extended by config.status, which was
generated by GNU Autoconf 2.65.  Invocation command line was

  CONFIG_FILES    = 
  CONFIG_HEADERS  = 
  CONFIG_LINKS    = 
  CONFIG_COMMANDS = 
  $ ./config.status 

on precog.uoregon.edu

config.status:821: creating Makefile
config.status:821: creating src/Makefile
config.status:821: creating src/tinyxml/Makefile
config.status:821: creating src/autogui/Makefile
config.status:821: creating src/chemostep/Makefile
config.status:821: creating src/tinyautogui/Makefile
config.status:821: creating src/qtautogui/Makefile
config.status:821: creating src/blitzchemostep/Makefile
config.status:821: creating src/gaapps/Makefile
config.status:821: creating src/tinyblitzchemostep/Makefile
config.status:821: creating src/netparserapp/Makefile
config.status:821: creating src/baseapps/Makefile
config.status:821: creating src/networkminerapp/Makefile
config.status:821: creating src/wormsim/Makefile
config.status:821: creating src/netanalysis/Makefile
config.status:821: creating src/evoannealapp/Makefile
config.status:821: creating src/netanalysisapp/Makefile
config.status:821: creating src/utils/Makefile
config.status:984: executing depfiles commands

## ---------------- ##
## Cache variables. ##
## ---------------- ##

ac_cv_build=x86_64-apple-darwin10.2.0
ac_cv_c_compiler_gnu=yes
ac_cv_cxx_compiler_gnu=yes
ac_cv_env_CCC_set=
ac_cv_env_CCC_value=
ac_cv_env_CC_set=
ac_cv_env_CC_value=
ac_cv_env_CFLAGS_set=
ac_cv_env_CFLAGS_value=
ac_cv_env_CPPFLAGS_set=
ac_cv_env_CPPFLAGS_value=
ac_cv_env_CXXCPP_set=
ac_cv_env_CXXCPP_value=
ac_cv_env_CXXFLAGS_set=
ac_cv_env_CXXFLAGS_value=
ac_cv_env_CXX_set=
ac_cv_env_CXX_value=
ac_cv_env_LDFLAGS_set=
ac_cv_env_LDFLAGS_value=
ac_cv_env_LIBS_set=
ac_cv_env_LIBS_value=
ac_cv_env_build_alias_set=
ac_cv_env_build_alias_value=
ac_cv_env_host_alias_set=
ac_cv_env_host_alias_value=
ac_cv_env_target_alias_set=
ac_cv_env_target_alias_value=
ac_cv_file__include_mpi_h=no
ac_cv_file__include_qobject_h=no
ac_cv_file__usr_local_include_blitz_array_h=yes
ac_cv_func_poll=no
ac_cv_host=x86_64-apple-darwin10.2.0
ac_cv_objext=o
ac_cv_path_EGREP='/usr/bin/grep -E'
ac_cv_path_GREP=/usr/bin/grep
ac_cv_path_install='/usr/bin/install -c'
ac_cv_prog_AUTOCONF='${SHELL} /Users/nathandunn/svn/chemostep/missing --run autoconf'
ac_cv_prog_AWK=gawk
ac_cv_prog_CXXCPP='g++ -E'
ac_cv_prog_ac_ct_CC=gcc
ac_cv_prog_ac_ct_CXX=g++
ac_cv_prog_ac_ct_RANLIB=ranlib
ac_cv_prog_cc_c89=
ac_cv_prog_cc_g=yes
ac_cv_prog_cxx_g=yes
ac_cv_prog_gcc_traditional=no
ac_cv_prog_make_make_set=yes
am_cv_CC_dependencies_compiler_type=gcc3
am_cv_CXX_dependencies_compiler_type=gcc3

## ----------------- ##
## Output variables. ##
## ----------------- ##

ACLOCAL='${SHELL} /Users/nathandunn/svn/chemostep/missing --run aclocal-1.11'
AMDEPBACKSLASH='\'
AMDEP_FALSE='#'
AMDEP_TRUE=''
AMTAR='${SHELL} /Users/nathandunn/svn/chemostep/missing --run tar'
AUTOCONF='${SHELL} /Users/nathandunn/svn/chemostep/missing --run autoconf'
AUTOHEADER='${SHELL} /Users/nathandunn/svn/chemostep/missing --run autoheader'
AUTOMAKE='${SHELL} /Users/nathandunn/svn/chemostep/missing --run automake-1.11'
AWK='gawk'
CC='gcc'
CCDEPMODE='depmode=gcc3'
CFLAGS=''
CPPFLAGS=''
CXX='g++'
CXXCPP='g++ -E'
CXXDEPMODE='depmode=gcc3'
CXXFLAGS='-g -O2 -arch ppc -funroll-loops'
CYGPATH_W='echo'
DEFS='-DPACKAGE_NAME=\"\" -DPACKAGE_TARNAME=\"\" -DPACKAGE_VERSION=\"\" -DPACKAGE_STRING=\"\" -DPACKAGE_BUGREPORT=\"\" -DPACKAGE_URL=\"\" -DPACKAGE=\"chemostep\" -DVERSION=\"1.0\" -DQT_THREAD_SUPPORT=1'
DEPDIR='.deps'
DOMPI_FALSE=''
DOMPI_TRUE='#'
DOX11_FALSE='#'
DOX11_TRUE=''
ECHO_C='\c'
ECHO_N=''
ECHO_T=''
EGREP='/usr/bin/grep -E'
EXEEXT=''
GREP='/usr/bin/grep'
INSTALL_DATA='cp -fp'
INSTALL_PROGRAM='cp -fp'
INSTALL_SCRIPT='${INSTALL}'
INSTALL_STRIP_PROGRAM='$(install_sh) -c -s'
LDFLAGS=''
LIBOBJS=''
LIBS=''
LTLIBOBJS=''
MACOSX_FALSE='#'
MACOSX_TRUE=''
MAINT='#'
MAINTAINER_MODE_FALSE=''
MAINTAINER_MODE_TRUE='#'
MAKEINFO='${SHELL} /Users/nathandunn/svn/chemostep/missing --run makeinfo'
MKDIR_P='./install-sh -c -d'
OBJEXT='o'
PACKAGE='chemostep'
PACKAGE_BUGREPORT=''
PACKAGE_NAME=''
PACKAGE_STRING=''
PACKAGE_TARNAME=''
PACKAGE_URL=''
PACKAGE_VERSION=''
PATH_SEPARATOR=':'
POWER64LINUX_FALSE=''
POWER64LINUX_TRUE='#'
RANLIB='ranlib'
SETTRUE_FALSE='#'
SETTRUE_TRUE=''
SET_MAKE=''
SHELL='/bin/sh'
STRIP=''
VERSION='1.0'
X86LINUX_FALSE=''
X86LINUX_TRUE='#'
ac_ct_CC='gcc'
ac_ct_CXX='g++'
am__EXEEXT_FALSE=''
am__EXEEXT_TRUE='#'
am__fastdepCC_FALSE='#'
am__fastdepCC_TRUE=''
am__fastdepCXX_FALSE='#'
am__fastdepCXX_TRUE=''
am__include='include'
am__isrc=''
am__leading_dot='.'
am__quote=''
am__tar='${AMTAR} chof - "$$tardir"'
am__untar='${AMTAR} xf -'
bindir='${exec_prefix}/bin'
build='x86_64-apple-darwin10.2.0'
build_alias=''
build_cpu='x86_64'
build_os='darwin10.2.0'
build_vendor='apple'
datadir='${datarootdir}'
datarootdir='${prefix}/share'
docdir='${datarootdir}/doc/${PACKAGE}'
dvidir='${docdir}'
exec_prefix='${prefix}'
host='x86_64-apple-darwin10.2.0'
host_alias=''
host_cpu='x86_64'
host_os='darwin10.2.0'
host_vendor='apple'
htmldir='${docdir}'
includedir='${prefix}/include'
infodir='${datarootdir}/info'
install_sh='${SHELL} /Users/nathandunn/svn/chemostep/install-sh'
libdir='${exec_prefix}/lib'
libexecdir='${exec_prefix}/libexec'
localedir='${datarootdir}/locale'
localstatedir='${prefix}/var'
mandir='${datarootdir}/man'
mkdir_p='$(top_builddir)/./install-sh -c -d'
oldincludedir='/usr/include'
pdfdir='${docdir}'
platform='MACOSX'
prefix='/usr/local'
program_transform_name='s,x,x,'
psdir='${docdir}'
sbindir='${exec_prefix}/sbin'
sharedstatedir='${prefix}/com'
sysconfdir='${prefix}/etc'
target_alias=''

## ----------- ##
## confdefs.h. ##
## ----------- ##

/* confdefs.h */
#define PACKAGE_NAME ""
#define PACKAGE_TARNAME ""
#define PACKAGE_VERSION ""
#define PACKAGE_STRING ""
#define PACKAGE_BUGREPORT ""
#define PACKAGE_URL ""
#define PACKAGE "chemostep"
#define VERSION "1.0"
#define QT_THREAD_SUPPORT 1

configure: exit 0

## ---------------------- ##
## Running config.status. ##
## ---------------------- ##

This file was extended by config.status, which was
generated by GNU Autoconf 2.65.  Invocation command line was

  CONFIG_FILES    = 
  CONFIG_HEADERS  = 
  CONFIG_LINKS    = 
  CONFIG_COMMANDS = 
  $ ./config.status Makefile

on precog.uoregon.edu

config.status:821: creating Makefile

## ---------------------- ##
## Running config.status. ##
## ---------------------- ##

This file was extended by config.status, which was
generated by GNU Autoconf 2.65.  Invocation command line was

  CONFIG_FILES    = 
  CONFIG_HEADERS  = 
  CONFIG_LINKS    = 
  CONFIG_COMMANDS = 
  $ ./config.status src/Makefile

on precog.uoregon.edu

config.status:821: creating src/Makefile

## ---------------------- ##
## Running config.status. ##
## ---------------------- ##

This file was extended by config.status, which was
generated by GNU Autoconf 2.65.  Invocation command line was

  CONFIG_FILES    = 
  CONFIG_HEADERS  = 
  CONFIG_LINKS    = 
  CONFIG_COMMANDS = 
  $ ./config.status src/tinyxml/Makefile depfiles

on precog.uoregon.edu

config.status:821: creating src/tinyxml/Makefile
config.status:984: executing depfiles commands

## ---------------------- ##
## Running config.status. ##
## ---------------------- ##

This file was extended by config.status, which was
generated by GNU Autoconf 2.65.  Invocation command line was

  CONFIG_FILES    = 
  CONFIG_HEADERS  = 
  CONFIG_LINKS    = 
  CONFIG_COMMANDS = 
  $ ./config.status src/utils/Makefile depfiles

on precog.uoregon.edu

config.status:821: creating src/utils/Makefile
config.status:984: executing depfiles commands
